\BOOKMARK [0][-]{chapter.1}{\376\377\000C\000l\000a\000s\000s\000\040\000I\000n\000d\000e\000x}{}% 1
\BOOKMARK [1][-]{section.1.1}{\376\377\000C\000l\000a\000s\000s\000\040\000L\000i\000s\000t}{chapter.1}% 2
\BOOKMARK [0][-]{chapter.2}{\376\377\000F\000i\000l\000e\000\040\000I\000n\000d\000e\000x}{}% 3
\BOOKMARK [1][-]{section.2.1}{\376\377\000F\000i\000l\000e\000\040\000L\000i\000s\000t}{chapter.2}% 4
\BOOKMARK [0][-]{chapter.3}{\376\377\000C\000l\000a\000s\000s\000\040\000D\000o\000c\000u\000m\000e\000n\000t\000a\000t\000i\000o\000n}{}% 5
\BOOKMARK [1][-]{section.3.1}{\376\377\000C\000e\000l\000l\000\040\000C\000l\000a\000s\000s\000\040\000R\000e\000f\000e\000r\000e\000n\000c\000e}{chapter.3}% 6
\BOOKMARK [2][-]{subsection.3.1.1}{\376\377\000D\000e\000t\000a\000i\000l\000e\000d\000\040\000D\000e\000s\000c\000r\000i\000p\000t\000i\000o\000n}{section.3.1}% 7
\BOOKMARK [2][-]{subsection.3.1.2}{\376\377\000M\000e\000m\000b\000e\000r\000\040\000F\000u\000n\000c\000t\000i\000o\000n\000\040\000D\000o\000c\000u\000m\000e\000n\000t\000a\000t\000i\000o\000n}{section.3.1}% 8
\BOOKMARK [3][-]{subsubsection.3.1.2.1}{\376\377\000i\000s\000A\000l\000i\000v\000e}{subsection.3.1.2}% 9
\BOOKMARK [3][-]{subsubsection.3.1.2.2}{\376\377\000k\000i\000l\000l}{subsection.3.1.2}% 10
\BOOKMARK [3][-]{subsubsection.3.1.2.3}{\376\377\000r\000e\000v\000i\000v\000e}{subsection.3.1.2}% 11
\BOOKMARK [1][-]{section.3.2}{\376\377\000C\000o\000n\000t\000r\000o\000l\000l\000e\000r\000\040\000C\000l\000a\000s\000s\000\040\000R\000e\000f\000e\000r\000e\000n\000c\000e}{chapter.3}% 12
\BOOKMARK [2][-]{subsection.3.2.1}{\376\377\000D\000e\000t\000a\000i\000l\000e\000d\000\040\000D\000e\000s\000c\000r\000i\000p\000t\000i\000o\000n}{section.3.2}% 13
\BOOKMARK [2][-]{subsection.3.2.2}{\376\377\000C\000o\000n\000s\000t\000r\000u\000c\000t\000o\000r\000\040\000\046\000\040\000D\000e\000s\000t\000r\000u\000c\000t\000o\000r\000\040\000D\000o\000c\000u\000m\000e\000n\000t\000a\000t\000i\000o\000n}{section.3.2}% 14
\BOOKMARK [3][-]{subsubsection.3.2.2.1}{\376\377\000C\000o\000n\000t\000r\000o\000l\000l\000e\000r}{subsection.3.2.2}% 15
\BOOKMARK [2][-]{subsection.3.2.3}{\376\377\000M\000e\000m\000b\000e\000r\000\040\000F\000u\000n\000c\000t\000i\000o\000n\000\040\000D\000o\000c\000u\000m\000e\000n\000t\000a\000t\000i\000o\000n}{section.3.2}% 16
\BOOKMARK [3][-]{subsubsection.3.2.3.1}{\376\377\000S\000t\000a\000r\000t\000G\000a\000m\000e}{subsection.3.2.3}% 17
\BOOKMARK [1][-]{section.3.3}{\376\377\000G\000a\000m\000e\000B\000o\000a\000r\000d\000\040\000C\000l\000a\000s\000s\000\040\000R\000e\000f\000e\000r\000e\000n\000c\000e}{chapter.3}% 18
\BOOKMARK [2][-]{subsection.3.3.1}{\376\377\000D\000e\000t\000a\000i\000l\000e\000d\000\040\000D\000e\000s\000c\000r\000i\000p\000t\000i\000o\000n}{section.3.3}% 19
\BOOKMARK [2][-]{subsection.3.3.2}{\376\377\000C\000o\000n\000s\000t\000r\000u\000c\000t\000o\000r\000\040\000\046\000\040\000D\000e\000s\000t\000r\000u\000c\000t\000o\000r\000\040\000D\000o\000c\000u\000m\000e\000n\000t\000a\000t\000i\000o\000n}{section.3.3}% 20
\BOOKMARK [3][-]{subsubsection.3.3.2.1}{\376\377\000G\000a\000m\000e\000B\000o\000a\000r\000d}{subsection.3.3.2}% 21
\BOOKMARK [2][-]{subsection.3.3.3}{\376\377\000M\000e\000m\000b\000e\000r\000\040\000F\000u\000n\000c\000t\000i\000o\000n\000\040\000D\000o\000c\000u\000m\000e\000n\000t\000a\000t\000i\000o\000n}{section.3.3}% 22
\BOOKMARK [3][-]{subsubsection.3.3.3.1}{\376\377\000u\000p\000d\000a\000t\000e}{subsection.3.3.3}% 23
\BOOKMARK [1][-]{section.3.4}{\376\377\000G\000a\000m\000e\000O\000f\000L\000i\000f\000e\000\040\000C\000l\000a\000s\000s\000\040\000R\000e\000f\000e\000r\000e\000n\000c\000e}{chapter.3}% 24
\BOOKMARK [2][-]{subsection.3.4.1}{\376\377\000D\000e\000t\000a\000i\000l\000e\000d\000\040\000D\000e\000s\000c\000r\000i\000p\000t\000i\000o\000n}{section.3.4}% 25
\BOOKMARK [2][-]{subsection.3.4.2}{\376\377\000C\000o\000n\000s\000t\000r\000u\000c\000t\000o\000r\000\040\000\046\000\040\000D\000e\000s\000t\000r\000u\000c\000t\000o\000r\000\040\000D\000o\000c\000u\000m\000e\000n\000t\000a\000t\000i\000o\000n}{section.3.4}% 26
\BOOKMARK [3][-]{subsubsection.3.4.2.1}{\376\377\000G\000a\000m\000e\000O\000f\000L\000i\000f\000e}{subsection.3.4.2}% 27
\BOOKMARK [2][-]{subsection.3.4.3}{\376\377\000M\000e\000m\000b\000e\000r\000\040\000F\000u\000n\000c\000t\000i\000o\000n\000\040\000D\000o\000c\000u\000m\000e\000n\000t\000a\000t\000i\000o\000n}{section.3.4}% 28
\BOOKMARK [3][-]{subsubsection.3.4.3.1}{\376\377\000a\000l\000i\000v\000e\000C\000e\000l\000l\000s}{subsection.3.4.3}% 29
\BOOKMARK [3][-]{subsubsection.3.4.3.2}{\376\377\000a\000l\000i\000v\000e\000N\000e\000i\000g\000h\000b\000o\000r\000C\000e\000l\000l\000s}{subsection.3.4.3}% 30
\BOOKMARK [3][-]{subsubsection.3.4.3.3}{\376\377\000g\000e\000t\000H\000e\000i\000g\000h\000t}{subsection.3.4.3}% 31
\BOOKMARK [3][-]{subsubsection.3.4.3.4}{\376\377\000g\000e\000t\000W\000i\000d\000t\000h}{subsection.3.4.3}% 32
\BOOKMARK [3][-]{subsubsection.3.4.3.5}{\376\377\000i\000s\000C\000e\000l\000l\000A\000l\000i\000v\000e}{subsection.3.4.3}% 33
\BOOKMARK [3][-]{subsubsection.3.4.3.6}{\376\377\000m\000a\000k\000e\000C\000e\000l\000l\000A\000l\000i\000v\000e}{subsection.3.4.3}% 34
\BOOKMARK [3][-]{subsubsection.3.4.3.7}{\376\377\000m\000a\000k\000e\000C\000e\000l\000l\000D\000e\000a\000d}{subsection.3.4.3}% 35
\BOOKMARK [3][-]{subsubsection.3.4.3.8}{\376\377\000n\000e\000x\000t\000G\000e\000n\000e\000r\000a\000t\000i\000o\000n}{subsection.3.4.3}% 36
\BOOKMARK [1][-]{section.3.5}{\376\377\000G\000a\000m\000e\000O\000f\000L\000i\000f\000e\000T\000e\000s\000t\000\040\000C\000l\000a\000s\000s\000\040\000R\000e\000f\000e\000r\000e\000n\000c\000e}{chapter.3}% 37
\BOOKMARK [1][-]{section.3.6}{\376\377\000S\000t\000a\000t\000i\000s\000t\000i\000c\000s\000\040\000C\000l\000a\000s\000s\000\040\000R\000e\000f\000e\000r\000e\000n\000c\000e}{chapter.3}% 38
\BOOKMARK [2][-]{subsection.3.6.1}{\376\377\000D\000e\000t\000a\000i\000l\000e\000d\000\040\000D\000e\000s\000c\000r\000i\000p\000t\000i\000o\000n}{section.3.6}% 39
\BOOKMARK [2][-]{subsection.3.6.2}{\376\377\000C\000o\000n\000s\000t\000r\000u\000c\000t\000o\000r\000\040\000\046\000\040\000D\000e\000s\000t\000r\000u\000c\000t\000o\000r\000\040\000D\000o\000c\000u\000m\000e\000n\000t\000a\000t\000i\000o\000n}{section.3.6}% 40
\BOOKMARK [3][-]{subsubsection.3.6.2.1}{\376\377\000S\000t\000a\000t\000i\000s\000t\000i\000c\000s}{subsection.3.6.2}% 41
\BOOKMARK [2][-]{subsection.3.6.3}{\376\377\000M\000e\000m\000b\000e\000r\000\040\000F\000u\000n\000c\000t\000i\000o\000n\000\040\000D\000o\000c\000u\000m\000e\000n\000t\000a\000t\000i\000o\000n}{section.3.6}% 42
\BOOKMARK [3][-]{subsubsection.3.6.3.1}{\376\377\000k\000i\000l\000l}{subsection.3.6.3}% 43
\BOOKMARK [3][-]{subsubsection.3.6.3.2}{\376\377\000s\000u\000r\000v\000i\000v\000e}{subsection.3.6.3}% 44
\BOOKMARK [0][-]{chapter.4}{\376\377\000F\000i\000l\000e\000\040\000D\000o\000c\000u\000m\000e\000n\000t\000a\000t\000i\000o\000n}{}% 45
\BOOKMARK [1][-]{section.4.1}{\376\377\000s\000r\000c\000/\000i\000n\000c\000l\000u\000d\000e\000/\000C\000o\000n\000t\000r\000o\000l\000l\000e\000r\000.\000h\000\040\000F\000i\000l\000e\000\040\000R\000e\000f\000e\000r\000e\000n\000c\000e}{chapter.4}% 46
\BOOKMARK [2][-]{subsection.4.1.1}{\376\377\000D\000e\000t\000a\000i\000l\000e\000d\000\040\000D\000e\000s\000c\000r\000i\000p\000t\000i\000o\000n}{section.4.1}% 47
\BOOKMARK [1][-]{section.4.2}{\376\377\000s\000r\000c\000/\000i\000n\000c\000l\000u\000d\000e\000/\000G\000a\000m\000e\000B\000o\000a\000r\000d\000.\000h\000\040\000F\000i\000l\000e\000\040\000R\000e\000f\000e\000r\000e\000n\000c\000e}{chapter.4}% 48
\BOOKMARK [2][-]{subsection.4.2.1}{\376\377\000D\000e\000t\000a\000i\000l\000e\000d\000\040\000D\000e\000s\000c\000r\000i\000p\000t\000i\000o\000n}{section.4.2}% 49
\BOOKMARK [1][-]{section.4.3}{\376\377\000s\000r\000c\000/\000i\000n\000c\000l\000u\000d\000e\000/\000G\000a\000m\000e\000O\000f\000L\000i\000f\000e\000.\000h\000\040\000F\000i\000l\000e\000\040\000R\000e\000f\000e\000r\000e\000n\000c\000e}{chapter.4}% 50
\BOOKMARK [2][-]{subsection.4.3.1}{\376\377\000D\000e\000t\000a\000i\000l\000e\000d\000\040\000D\000e\000s\000c\000r\000i\000p\000t\000i\000o\000n}{section.4.3}% 51
\BOOKMARK [2][-]{subsection.4.3.2}{\376\377\000E\000n\000u\000m\000e\000r\000a\000t\000i\000o\000n\000\040\000T\000y\000p\000e\000\040\000D\000o\000c\000u\000m\000e\000n\000t\000a\000t\000i\000o\000n}{section.4.3}% 52
\BOOKMARK [3][-]{subsubsection.4.3.2.1}{\376\377\000E\000n\000u\000m\000S\000t\000a\000t\000e}{subsection.4.3.2}% 53
\BOOKMARK [1][-]{section.4.4}{\376\377\000s\000r\000c\000/\000i\000n\000c\000l\000u\000d\000e\000/\000S\000t\000a\000t\000i\000s\000t\000i\000c\000s\000.\000h\000\040\000F\000i\000l\000e\000\040\000R\000e\000f\000e\000r\000e\000n\000c\000e}{chapter.4}% 54
\BOOKMARK [2][-]{subsection.4.4.1}{\376\377\000D\000e\000t\000a\000i\000l\000e\000d\000\040\000D\000e\000s\000c\000r\000i\000p\000t\000i\000o\000n}{section.4.4}% 55
